<?xml version="1.0" encoding="UTF-8"?>
<robot generator="Robot 4.1.3 (Python 3.9.1 on win32)" generated="20220323 00:48:48.318" rpa="false" schemaversion="2">
<suite id="s1" name="VirtaGlobal_Tests" source="C:\Users\panganamala_vamsikri\PycharmProjects\Virta\tests\android_tests.robot">
<test id="s1-t1" name="TC_1:User Should Be Able To Change Android Wallpaper">
<kw name="Open App With Desired Capabilities" library="android_keywords">
<arg>${WallPaper_appPackage}</arg>
<arg>${WallPaper_Settings}</arg>
<kw name="Log To Console" library="BuiltIn">
<arg>Setting App Desired Capabilities</arg>
<doc>Logs the given message to the console.</doc>
<status status="PASS" starttime="20220323 00:48:48.502" endtime="20220323 00:48:48.502"/>
</kw>
<kw name="Open Application" library="AppiumLibrary">
<arg>http://127.0.0.1:4723/wd/hub</arg>
<arg>platformName=${platformName}</arg>
<arg>deviceName=${deviceName}</arg>
<arg>appPackage=${appPackage}</arg>
<arg>appActivity=${appActivity}</arg>
<doc>Opens a new application to given Appium server.
Capabilities of appium server, Android and iOS,
Please check https://github.com/appium/appium/blob/master/docs/en/writing-running-appium/server-args.md
| *Option*            | *Man.* | *Description*     |
| remote_url          | Yes    | Appium server url |
| alias               | no     | alias             |</doc>
<status status="PASS" starttime="20220323 00:48:48.502" endtime="20220323 00:48:56.972"/>
</kw>
<status status="PASS" starttime="20220323 00:48:48.502" endtime="20220323 00:48:56.972"/>
</kw>
<kw name="Search For WallPaper Settings" library="android_keywords">
<kw name="Click On Search Area" library="UserActions">
<kw name="Log To Console" library="BuiltIn">
<arg>Clicking the seach button</arg>
<doc>Logs the given message to the console.</doc>
<status status="PASS" starttime="20220323 00:48:56.973" endtime="20220323 00:48:56.973"/>
</kw>
<kw name="Wait Until Element Is Visible" library="AppiumLibrary">
<arg>${search_bar}</arg>
<doc>Waits until element specified with `locator` is visible.</doc>
<status status="PASS" starttime="20220323 00:48:56.973" endtime="20220323 00:48:57.649"/>
</kw>
<kw name="Click Element" library="AppiumLibrary">
<arg>${search_bar}</arg>
<doc>Click element identified by `locator`.</doc>
<msg timestamp="20220323 00:48:57.651" level="INFO">Clicking element 'id=com.android.settings:id/search_action_bar_title'.</msg>
<status status="PASS" starttime="20220323 00:48:57.649" endtime="20220323 00:48:57.738"/>
</kw>
<status status="PASS" starttime="20220323 00:48:56.972" endtime="20220323 00:48:57.738"/>
</kw>
<kw name="Search Wallpaper &amp; Settings" library="UserActions">
<kw name="Log To Console" library="BuiltIn">
<arg>Searching the Wallpaper &amp; settings</arg>
<doc>Logs the given message to the console.</doc>
<status status="PASS" starttime="20220323 00:48:57.738" endtime="20220323 00:48:57.738"/>
</kw>
<kw name="Wait Until Element Is Visible" library="AppiumLibrary">
<arg>${open_search_view_edit_text}</arg>
<doc>Waits until element specified with `locator` is visible.</doc>
<status status="PASS" starttime="20220323 00:48:57.738" endtime="20220323 00:48:59.327"/>
</kw>
<kw name="Input Text" library="AppiumLibrary">
<arg>${open_search_view_edit_text}</arg>
<arg>Wallpaper &amp; style</arg>
<doc>Types the given `text` into text field identified by `locator`.</doc>
<msg timestamp="20220323 00:48:59.329" level="INFO">Typing text 'Wallpaper &amp; style' into text field 'id=com.google.android.settings.intelligence:id/open_search_view_edit_text'</msg>
<status status="PASS" starttime="20220323 00:48:59.327" endtime="20220323 00:48:59.379"/>
</kw>
<status status="PASS" starttime="20220323 00:48:57.738" endtime="20220323 00:48:59.379"/>
</kw>
<kw name="Select Wallpaper &amp; Settings" library="UserActions">
<kw name="Log To Console" library="BuiltIn">
<arg>Selecting Wallpaper &amp; settings</arg>
<doc>Logs the given message to the console.</doc>
<status status="PASS" starttime="20220323 00:48:59.379" endtime="20220323 00:48:59.379"/>
</kw>
<kw name="Wait Until Element Is Visible" library="AppiumLibrary">
<arg>${Wp_title}</arg>
<doc>Waits until element specified with `locator` is visible.</doc>
<status status="PASS" starttime="20220323 00:48:59.380" endtime="20220323 00:49:00.624"/>
</kw>
<kw name="Click Element" library="AppiumLibrary">
<arg>${Wp_title}</arg>
<doc>Click element identified by `locator`.</doc>
<msg timestamp="20220323 00:49:00.626" level="INFO">Clicking element 'android:id/title'.</msg>
<status status="PASS" starttime="20220323 00:49:00.624" endtime="20220323 00:49:00.689"/>
</kw>
<status status="PASS" starttime="20220323 00:48:59.379" endtime="20220323 00:49:00.689"/>
</kw>
<status status="PASS" starttime="20220323 00:48:56.972" endtime="20220323 00:49:00.689"/>
</kw>
<kw name="Select Random WallPaper" library="android_keywords">
<kw name="Select Random Wallpaper Theme" library="UserActions">
<kw name="Log To Console" library="BuiltIn">
<arg>Selecting random Wallpaper theme</arg>
<doc>Logs the given message to the console.</doc>
<status status="PASS" starttime="20220323 00:49:00.690" endtime="20220323 00:49:00.690"/>
</kw>
<kw name="Evaluate" library="BuiltIn">
<var>${i}</var>
<arg>random.randint(1, 5)</arg>
<doc>Evaluates the given expression in Python and returns the result.</doc>
<msg timestamp="20220323 00:49:00.690" level="INFO">${i} = 4</msg>
<status status="PASS" starttime="20220323 00:49:00.690" endtime="20220323 00:49:00.690"/>
</kw>
<kw name="Wait Until Element Is Visible" library="AppiumLibrary">
<arg>${ss_layout}${i}${ss_layout_textview}</arg>
<doc>Waits until element specified with `locator` is visible.</doc>
<status status="PASS" starttime="20220323 00:49:00.690" endtime="20220323 00:49:02.122"/>
</kw>
<kw name="Click Element" library="AppiumLibrary">
<arg>${ss_layout}${i}${ss_layout_textview}</arg>
<doc>Click element identified by `locator`.</doc>
<msg timestamp="20220323 00:49:02.124" level="INFO">Clicking element '//android.widget.LinearLayout[4]/android.widget.TextView'.</msg>
<status status="PASS" starttime="20220323 00:49:02.122" endtime="20220323 00:49:02.221"/>
</kw>
<status status="PASS" starttime="20220323 00:49:00.689" endtime="20220323 00:49:02.221"/>
</kw>
<kw name="Select Random Wallpaper Screen" library="UserActions">
<kw name="Log To Console" library="BuiltIn">
<arg>Selecting random Walllpaper screen</arg>
<doc>Logs the given message to the console.</doc>
<status status="PASS" starttime="20220323 00:49:02.222" endtime="20220323 00:49:02.222"/>
</kw>
<kw name="Evaluate" library="BuiltIn">
<var>${i}</var>
<arg>random.randint(1, 6)</arg>
<doc>Evaluates the given expression in Python and returns the result.</doc>
<msg timestamp="20220323 00:49:02.222" level="INFO">${i} = 6</msg>
<status status="PASS" starttime="20220323 00:49:02.222" endtime="20220323 00:49:02.222"/>
</kw>
<kw name="Wait Until Element Is Visible" library="AppiumLibrary">
<arg>${ss_imageview}${i}]</arg>
<arg>15</arg>
<doc>Waits until element specified with `locator` is visible.</doc>
<status status="PASS" starttime="20220323 00:49:02.222" endtime="20220323 00:49:03.143"/>
</kw>
<kw name="Click Element" library="AppiumLibrary">
<arg>${ss_imageview}${i}]</arg>
<doc>Click element identified by `locator`.</doc>
<msg timestamp="20220323 00:49:03.145" level="INFO">Clicking element '//androidx.recyclerview.widget.RecyclerView/android.widget.LinearLayout[6]'.</msg>
<status status="PASS" starttime="20220323 00:49:03.143" endtime="20220323 00:49:03.270"/>
</kw>
<status status="PASS" starttime="20220323 00:49:02.221" endtime="20220323 00:49:03.270"/>
</kw>
<status status="PASS" starttime="20220323 00:49:00.689" endtime="20220323 00:49:03.270"/>
</kw>
<kw name="Apply WallPaper and Save" library="android_keywords">
<kw name="Apply the WallPaper" library="UserActions">
<kw name="Log To Console" library="BuiltIn">
<arg>Applying the wallpaper</arg>
<doc>Logs the given message to the console.</doc>
<status status="PASS" starttime="20220323 00:49:03.271" endtime="20220323 00:49:03.271"/>
</kw>
<kw name="Wait Until Element Is Visible" library="AppiumLibrary">
<arg>${apply_wp}</arg>
<doc>Waits until element specified with `locator` is visible.</doc>
<status status="PASS" starttime="20220323 00:49:03.272" endtime="20220323 00:49:04.816"/>
</kw>
<kw name="Click Element" library="AppiumLibrary">
<arg>${apply_wp}</arg>
<doc>Click element identified by `locator`.</doc>
<msg timestamp="20220323 00:49:04.818" level="INFO">Clicking element 'com.google.android.apps.wallpaper:id/action_apply'.</msg>
<status status="PASS" starttime="20220323 00:49:04.816" endtime="20220323 00:49:04.884"/>
</kw>
<status status="PASS" starttime="20220323 00:49:03.271" endtime="20220323 00:49:04.885"/>
</kw>
<kw name="Save the WallPaper" library="UserActions">
<kw name="Log To Console" library="BuiltIn">
<arg>Applying the wallpaper</arg>
<doc>Logs the given message to the console.</doc>
<status status="PASS" starttime="20220323 00:49:04.885" endtime="20220323 00:49:04.885"/>
</kw>
<kw name="Wait Until Element Is Visible" library="AppiumLibrary">
<arg>${save_wp}</arg>
<doc>Waits until element specified with `locator` is visible.</doc>
<status status="PASS" starttime="20220323 00:49:04.885" endtime="20220323 00:49:05.501"/>
</kw>
<kw name="Click Element" library="AppiumLibrary">
<arg>${save_wp}</arg>
<doc>Click element identified by `locator`.</doc>
<msg timestamp="20220323 00:49:05.504" level="INFO">Clicking element 'com.google.android.apps.wallpaper:id/set_both_wallpaper_button'.</msg>
<status status="PASS" starttime="20220323 00:49:05.501" endtime="20220323 00:49:05.557"/>
</kw>
<status status="PASS" starttime="20220323 00:49:04.885" endtime="20220323 00:49:05.557"/>
</kw>
<status status="PASS" starttime="20220323 00:49:03.270" endtime="20220323 00:49:05.557"/>
</kw>
<kw name="Go to Homescreen And Take Screenshot" library="android_keywords">
<kw name="Go to Homescreen" library="UserActions">
<kw name="Log To Console" library="BuiltIn">
<arg>Going to homescreen</arg>
<doc>Logs the given message to the console.</doc>
<status status="PASS" starttime="20220323 00:49:05.558" endtime="20220323 00:49:05.558"/>
</kw>
<kw name="Press Keycode" library="AppiumLibrary">
<arg>3</arg>
<doc>Sends a press of keycode to the device.</doc>
<status status="PASS" starttime="20220323 00:49:05.558" endtime="20220323 00:49:06.420"/>
</kw>
<status status="PASS" starttime="20220323 00:49:05.557" endtime="20220323 00:49:06.421"/>
</kw>
<kw name="capture screenshot" library="UserActions">
<kw name="Wait Until Element Is Visible" library="AppiumLibrary">
<arg>${home_message_xpath}</arg>
<doc>Waits until element specified with `locator` is visible.</doc>
<status status="PASS" starttime="20220323 00:49:06.421" endtime="20220323 00:49:06.769"/>
</kw>
<kw name="Capture Page Screenshot" library="AppiumLibrary">
<doc>Takes a screenshot of the current page and embeds it into the log.</doc>
<msg timestamp="20220323 00:49:08.294" level="INFO" html="true">&lt;/td&gt;&lt;/tr&gt;&lt;tr&gt;&lt;td colspan="3"&gt;&lt;a href="appium-screenshot-1.png"&gt;&lt;img src="appium-screenshot-1.png" width="800px"&gt;&lt;/a&gt;</msg>
<status status="PASS" starttime="20220323 00:49:06.769" endtime="20220323 00:49:08.294"/>
</kw>
<status status="PASS" starttime="20220323 00:49:06.421" endtime="20220323 00:49:08.294"/>
</kw>
<status status="PASS" starttime="20220323 00:49:05.557" endtime="20220323 00:49:08.294"/>
</kw>
<kw name="Close Application" library="AppiumLibrary" type="TEARDOWN">
<doc>Closes the current application and also close webdriver session.</doc>
<status status="PASS" starttime="20220323 00:49:08.295" endtime="20220323 00:49:08.858"/>
</kw>
<tag>Wp_Settings</tag>
<status status="PASS" starttime="20220323 00:48:48.501" endtime="20220323 00:49:08.858"/>
</test>
<test id="s1-t2" name="TC_2: User Should Be Able To Add New Contact">
<kw name="Open App With Desired Capabilities" library="android_keywords">
<arg>${contact_appPackage}</arg>
<arg>${contact_appActivity}</arg>
<kw name="Log To Console" library="BuiltIn">
<arg>Setting App Desired Capabilities</arg>
<doc>Logs the given message to the console.</doc>
<status status="PASS" starttime="20220323 00:49:08.859" endtime="20220323 00:49:08.859"/>
</kw>
<kw name="Open Application" library="AppiumLibrary">
<arg>http://127.0.0.1:4723/wd/hub</arg>
<arg>platformName=${platformName}</arg>
<arg>deviceName=${deviceName}</arg>
<arg>appPackage=${appPackage}</arg>
<arg>appActivity=${appActivity}</arg>
<doc>Opens a new application to given Appium server.
Capabilities of appium server, Android and iOS,
Please check https://github.com/appium/appium/blob/master/docs/en/writing-running-appium/server-args.md
| *Option*            | *Man.* | *Description*     |
| remote_url          | Yes    | Appium server url |
| alias               | no     | alias             |</doc>
<status status="PASS" starttime="20220323 00:49:08.859" endtime="20220323 00:49:17.449"/>
</kw>
<status status="PASS" starttime="20220323 00:49:08.859" endtime="20220323 00:49:17.450"/>
</kw>
<kw name="Add New Contact" library="android_keywords">
<kw name="Press Add New Contact Button" library="UserActions">
<kw name="Log To Console" library="BuiltIn">
<arg>Pressing New Contact Button</arg>
<doc>Logs the given message to the console.</doc>
<status status="PASS" starttime="20220323 00:49:17.450" endtime="20220323 00:49:17.451"/>
</kw>
<kw name="Wait Until Element Is Visible" library="AppiumLibrary">
<arg>${add_contact_button}</arg>
<doc>Waits until element specified with `locator` is visible.</doc>
<status status="PASS" starttime="20220323 00:49:17.451" endtime="20220323 00:49:18.133"/>
</kw>
<kw name="Click Element" library="AppiumLibrary">
<arg>${add_contact_button}</arg>
<doc>Click element identified by `locator`.</doc>
<msg timestamp="20220323 00:49:18.135" level="INFO">Clicking element 'com.android.contacts:id/floating_action_button_container'.</msg>
<status status="PASS" starttime="20220323 00:49:18.134" endtime="20220323 00:49:18.206"/>
</kw>
<status status="PASS" starttime="20220323 00:49:17.450" endtime="20220323 00:49:18.206"/>
</kw>
<kw name="Donot Add Account" library="UserActions">
<kw name="Log To Console" library="BuiltIn">
<arg>Pressing New Contact Button</arg>
<doc>Logs the given message to the console.</doc>
<status status="PASS" starttime="20220323 00:49:18.206" endtime="20220323 00:49:18.207"/>
</kw>
<kw name="Wait Until Element Is Visible" library="AppiumLibrary">
<arg>${cancel_add_account}</arg>
<doc>Waits until element specified with `locator` is visible.</doc>
<status status="PASS" starttime="20220323 00:49:18.207" endtime="20220323 00:49:19.118"/>
</kw>
<kw name="Click Element" library="AppiumLibrary">
<arg>${cancel_add_account}</arg>
<doc>Click element identified by `locator`.</doc>
<msg timestamp="20220323 00:49:19.120" level="INFO">Clicking element 'com.android.contacts:id/left_button'.</msg>
<status status="PASS" starttime="20220323 00:49:19.118" endtime="20220323 00:49:19.187"/>
</kw>
<status status="PASS" starttime="20220323 00:49:18.206" endtime="20220323 00:49:19.187"/>
</kw>
<status status="PASS" starttime="20220323 00:49:17.450" endtime="20220323 00:49:19.187"/>
</kw>
<kw name="Enter The Contact Details" library="android_keywords">
<kw name="Enter First Name" library="UserActions">
<kw name="Log To Console" library="BuiltIn">
<arg>Entering Firstname</arg>
<doc>Logs the given message to the console.</doc>
<status status="PASS" starttime="20220323 00:49:19.188" endtime="20220323 00:49:19.188"/>
</kw>
<kw name="Wait Until Element Is Visible" library="AppiumLibrary">
<arg>${firstname_textview}</arg>
<arg>30</arg>
<doc>Waits until element specified with `locator` is visible.</doc>
<status status="PASS" starttime="20220323 00:49:19.188" endtime="20220323 00:49:20.230"/>
</kw>
<kw name="Click Element" library="AppiumLibrary">
<arg>${firstname_textview}</arg>
<doc>Click element identified by `locator`.</doc>
<msg timestamp="20220323 00:49:20.232" level="INFO">Clicking element '//*[@resource-id='com.android.contacts:id/kind_section_views']//android.widget.LinearLayout[1]//android.widget.EditText[1]'.</msg>
<status status="PASS" starttime="20220323 00:49:20.230" endtime="20220323 00:49:20.820"/>
</kw>
<kw name="Create Firstname" library="GenerateContactInfo">
<var>${firstname}</var>
<arg>first</arg>
<msg timestamp="20220323 00:49:20.820" level="INFO">creating firstname
first4335</msg>
<msg timestamp="20220323 00:49:20.820" level="INFO">${firstname} = first4335</msg>
<status status="PASS" starttime="20220323 00:49:20.820" endtime="20220323 00:49:20.820"/>
</kw>
<kw name="Set Global Variable" library="BuiltIn">
<arg>${firstname}</arg>
<arg>${FIRSTNAME}</arg>
<doc>Makes a variable available globally in all tests and suites.</doc>
<msg timestamp="20220323 00:49:20.820" level="INFO">${firstname} = first4335</msg>
<status status="PASS" starttime="20220323 00:49:20.820" endtime="20220323 00:49:20.821"/>
</kw>
<kw name="Input Text" library="AppiumLibrary">
<arg>${firstname_textview}</arg>
<arg>${FIRSTNAME}</arg>
<doc>Types the given `text` into text field identified by `locator`.</doc>
<msg timestamp="20220323 00:49:20.823" level="INFO">Typing text 'first4335' into text field '//*[@resource-id='com.android.contacts:id/kind_section_views']//android.widget.LinearLayout[1]//android.widget.EditText[1]'</msg>
<status status="PASS" starttime="20220323 00:49:20.821" endtime="20220323 00:49:21.556"/>
</kw>
<status status="PASS" starttime="20220323 00:49:19.188" endtime="20220323 00:49:21.556"/>
</kw>
<kw name="Enter Last Name" library="UserActions">
<kw name="Log To Console" library="BuiltIn">
<arg>Entering Lastname</arg>
<doc>Logs the given message to the console.</doc>
<status status="PASS" starttime="20220323 00:49:21.556" endtime="20220323 00:49:21.556"/>
</kw>
<kw name="Wait Until Element Is Visible" library="AppiumLibrary">
<arg>${lastname_textview}</arg>
<doc>Waits until element specified with `locator` is visible.</doc>
<status status="PASS" starttime="20220323 00:49:21.557" endtime="20220323 00:49:22.214"/>
</kw>
<kw name="Click Element" library="AppiumLibrary">
<arg>${lastname_textview}</arg>
<doc>Click element identified by `locator`.</doc>
<msg timestamp="20220323 00:49:22.216" level="INFO">Clicking element '//*[@resource-id='com.android.contacts:id/kind_section_views']//android.widget.LinearLayout[1]//android.widget.EditText[2]'.</msg>
<status status="PASS" starttime="20220323 00:49:22.214" endtime="20220323 00:49:22.898"/>
</kw>
<kw name="Create Lastname" library="GenerateContactInfo">
<var>${lastname}</var>
<arg>last</arg>
<msg timestamp="20220323 00:49:22.898" level="INFO">creating lastname
last4815</msg>
<msg timestamp="20220323 00:49:22.898" level="INFO">${lastname} = last4815</msg>
<status status="PASS" starttime="20220323 00:49:22.898" endtime="20220323 00:49:22.898"/>
</kw>
<kw name="Set Global Variable" library="BuiltIn">
<arg>${lastname}</arg>
<arg>${LASTNAME}</arg>
<doc>Makes a variable available globally in all tests and suites.</doc>
<msg timestamp="20220323 00:49:22.899" level="INFO">${lastname} = last4815</msg>
<status status="PASS" starttime="20220323 00:49:22.898" endtime="20220323 00:49:22.899"/>
</kw>
<kw name="Input Text" library="AppiumLibrary">
<arg>${lastname_textview}</arg>
<arg>${LASTNAME}</arg>
<doc>Types the given `text` into text field identified by `locator`.</doc>
<msg timestamp="20220323 00:49:22.901" level="INFO">Typing text 'last4815' into text field '//*[@resource-id='com.android.contacts:id/kind_section_views']//android.widget.LinearLayout[1]//android.widget.EditText[2]'</msg>
<status status="PASS" starttime="20220323 00:49:22.899" endtime="20220323 00:49:23.584"/>
</kw>
<status status="PASS" starttime="20220323 00:49:21.556" endtime="20220323 00:49:23.585"/>
</kw>
<kw name="Enter Phone Number" library="UserActions">
<kw name="Log To Console" library="BuiltIn">
<arg>Entering Phonenumber</arg>
<doc>Logs the given message to the console.</doc>
<status status="PASS" starttime="20220323 00:49:23.585" endtime="20220323 00:49:23.585"/>
</kw>
<kw name="Wait Until Element Is Visible" library="AppiumLibrary">
<arg>${phonenumber_textview}</arg>
<doc>Waits until element specified with `locator` is visible.</doc>
<status status="PASS" starttime="20220323 00:49:23.585" endtime="20220323 00:49:24.249"/>
</kw>
<kw name="Click Element" library="AppiumLibrary">
<arg>${phonenumber_textview}</arg>
<doc>Click element identified by `locator`.</doc>
<msg timestamp="20220323 00:49:24.251" level="INFO">Clicking element '//*[@resource-id='com.android.contacts:id/kind_section_views']//android.widget.LinearLayout[2]//android.widget.EditText'.</msg>
<status status="PASS" starttime="20220323 00:49:24.249" endtime="20220323 00:49:24.337"/>
</kw>
<kw name="Create Phonenumber" library="GenerateContactInfo">
<var>${phonenumber}</var>
<msg timestamp="20220323 00:49:24.337" level="INFO">creating phonenumber
+358485463172</msg>
<msg timestamp="20220323 00:49:24.338" level="INFO">${phonenumber} = +358485463172</msg>
<status status="PASS" starttime="20220323 00:49:24.337" endtime="20220323 00:49:24.338"/>
</kw>
<kw name="Input Text" library="AppiumLibrary">
<arg>${phonenumber_textview}</arg>
<arg>${phonenumber}</arg>
<doc>Types the given `text` into text field identified by `locator`.</doc>
<msg timestamp="20220323 00:49:24.340" level="INFO">Typing text '+358485463172' into text field '//*[@resource-id='com.android.contacts:id/kind_section_views']//android.widget.LinearLayout[2]//android.widget.EditText'</msg>
<status status="PASS" starttime="20220323 00:49:24.338" endtime="20220323 00:49:25.616"/>
</kw>
<status status="PASS" starttime="20220323 00:49:23.585" endtime="20220323 00:49:25.616"/>
</kw>
<status status="PASS" starttime="20220323 00:49:19.188" endtime="20220323 00:49:25.616"/>
</kw>
<kw name="Save The Contact" library="UserActions">
<kw name="Log To Console" library="BuiltIn">
<arg>Saving the contact</arg>
<doc>Logs the given message to the console.</doc>
<status status="PASS" starttime="20220323 00:49:25.616" endtime="20220323 00:49:25.616"/>
</kw>
<kw name="Wait Until Element Is Visible" library="AppiumLibrary">
<arg>${save_button}</arg>
<doc>Waits until element specified with `locator` is visible.</doc>
<status status="PASS" starttime="20220323 00:49:25.616" endtime="20220323 00:49:26.450"/>
</kw>
<kw name="Click Element" library="AppiumLibrary">
<arg>${save_button}</arg>
<doc>Click element identified by `locator`.</doc>
<msg timestamp="20220323 00:49:26.452" level="INFO">Clicking element 'com.android.contacts:id/editor_menu_save_button'.</msg>
<status status="PASS" starttime="20220323 00:49:26.450" endtime="20220323 00:49:26.524"/>
</kw>
<status status="PASS" starttime="20220323 00:49:25.616" endtime="20220323 00:49:26.524"/>
</kw>
<kw name="Close Application" library="AppiumLibrary" type="TEARDOWN">
<doc>Closes the current application and also close webdriver session.</doc>
<status status="PASS" starttime="20220323 00:49:26.524" endtime="20220323 00:49:27.295"/>
</kw>
<tag>Add_Contact</tag>
<status status="PASS" starttime="20220323 00:49:08.858" endtime="20220323 00:49:27.295"/>
</test>
<test id="s1-t3" name="TC_3: User Should Be Able To Add New Alarm">
<kw name="Open App With Desired Capabilities" library="android_keywords">
<arg>${clock_appPackage}</arg>
<arg>${clock_appActivity}</arg>
<kw name="Log To Console" library="BuiltIn">
<arg>Setting App Desired Capabilities</arg>
<doc>Logs the given message to the console.</doc>
<status status="PASS" starttime="20220323 00:49:27.296" endtime="20220323 00:49:27.296"/>
</kw>
<kw name="Open Application" library="AppiumLibrary">
<arg>http://127.0.0.1:4723/wd/hub</arg>
<arg>platformName=${platformName}</arg>
<arg>deviceName=${deviceName}</arg>
<arg>appPackage=${appPackage}</arg>
<arg>appActivity=${appActivity}</arg>
<doc>Opens a new application to given Appium server.
Capabilities of appium server, Android and iOS,
Please check https://github.com/appium/appium/blob/master/docs/en/writing-running-appium/server-args.md
| *Option*            | *Man.* | *Description*     |
| remote_url          | Yes    | Appium server url |
| alias               | no     | alias             |</doc>
<status status="PASS" starttime="20220323 00:49:27.296" endtime="20220323 00:49:35.519"/>
</kw>
<status status="PASS" starttime="20220323 00:49:27.296" endtime="20220323 00:49:35.519"/>
</kw>
<kw name="Remove Existing Alarms" library="android_keywords">
<kw name="Select The Alarm" library="UserActions">
<kw name="Log To Console" library="BuiltIn">
<arg>Selecting the alarm</arg>
<doc>Logs the given message to the console.</doc>
<status status="PASS" starttime="20220323 00:49:35.519" endtime="20220323 00:49:35.519"/>
</kw>
<kw name="Wait Until Element Is Visible" library="AppiumLibrary">
<arg>${alarm_image}</arg>
<doc>Waits until element specified with `locator` is visible.</doc>
<status status="PASS" starttime="20220323 00:49:35.520" endtime="20220323 00:49:36.511"/>
</kw>
<kw name="Click Element" library="AppiumLibrary">
<arg>${alarm_image}</arg>
<doc>Click element identified by `locator`.</doc>
<msg timestamp="20220323 00:49:36.514" level="INFO">Clicking element '//nh[@content-desc="Alarm"]/android.widget.TextView'.</msg>
<status status="PASS" starttime="20220323 00:49:36.512" endtime="20220323 00:49:36.610"/>
</kw>
<status status="PASS" starttime="20220323 00:49:35.519" endtime="20220323 00:49:36.610"/>
</kw>
<kw name="Check For Existing Alarms And Remove" library="android_keywords">
<kw name="Check If Alarms Exists" library="UserActions">
<var>${alarm_present}</var>
<kw name="Log To Console" library="BuiltIn">
<arg>Checking for alarms</arg>
<doc>Logs the given message to the console.</doc>
<status status="PASS" starttime="20220323 00:49:36.611" endtime="20220323 00:49:36.611"/>
</kw>
<kw name="Wait Until Element Is Visible" library="AppiumLibrary">
<arg>${alarm_view}</arg>
<doc>Waits until element specified with `locator` is visible.</doc>
<status status="PASS" starttime="20220323 00:49:36.611" endtime="20220323 00:49:37.620"/>
</kw>
<kw name="Run Keyword And Return Status" library="BuiltIn">
<var>${result}</var>
<arg>Page Should Contain Element</arg>
<arg>${expand_alarm_icon}</arg>
<doc>Runs the given keyword with given arguments and returns the status as a Boolean value.</doc>
<kw name="Page Should Contain Element" library="AppiumLibrary">
<arg>${expand_alarm_icon}</arg>
<doc>Verifies that current page contains `locator` element.</doc>
<msg timestamp="20220323 00:49:37.710" level="INFO">Current page contains element '//android.widget.ImageButton[@content-desc='Expand alarm']'.</msg>
<status status="PASS" starttime="20220323 00:49:37.621" endtime="20220323 00:49:37.711"/>
</kw>
<msg timestamp="20220323 00:49:37.711" level="INFO">${result} = True</msg>
<status status="PASS" starttime="20220323 00:49:37.620" endtime="20220323 00:49:37.711"/>
</kw>
<msg timestamp="20220323 00:49:37.711" level="INFO">${alarm_present} = True</msg>
<status status="PASS" starttime="20220323 00:49:36.611" endtime="20220323 00:49:37.711"/>
</kw>
<kw name="Run Keyword If" library="BuiltIn">
<arg>${alarm_present}</arg>
<arg>Remove Alarms</arg>
<doc>Runs the given keyword with the given arguments, if ``condition`` is true.</doc>
<kw name="Remove Alarms" library="UserActions">
<kw name="Log To Console" library="BuiltIn">
<arg>Removing Alarm</arg>
<doc>Logs the given message to the console.</doc>
<status status="PASS" starttime="20220323 00:49:37.712" endtime="20220323 00:49:37.712"/>
</kw>
<kw name="Alarm Count" library="UserActions">
<var>${count}</var>
<kw name="Run Keyword And Return" library="BuiltIn">
<arg>Get matching xpath count</arg>
<arg>${expand_alarm_icon}</arg>
<doc>Runs the specified keyword and returns from the enclosing user keyword.</doc>
<kw name="Get Matching Xpath Count" library="AppiumLibrary">
<arg>${expand_alarm_icon}</arg>
<doc>Returns number of elements matching ``xpath``</doc>
<status status="PASS" starttime="20220323 00:49:37.712" endtime="20220323 00:49:37.753"/>
</kw>
<msg timestamp="20220323 00:49:37.753" level="INFO">Returning from the enclosing user keyword.</msg>
<status status="PASS" starttime="20220323 00:49:37.712" endtime="20220323 00:49:37.754"/>
</kw>
<msg timestamp="20220323 00:49:37.754" level="INFO">${count} = 2</msg>
<status status="PASS" starttime="20220323 00:49:37.712" endtime="20220323 00:49:37.754"/>
</kw>
<for flavor="IN RANGE">
<var>${i}</var>
<value>${count}</value>
<iter>
<var name="${i}">0</var>
<kw name="Exit For Loop If" library="BuiltIn">
<arg>${i} == ${count}</arg>
<doc>Stops executing the enclosing for loop if the ``condition`` is true.</doc>
<status status="PASS" starttime="20220323 00:49:37.755" endtime="20220323 00:49:37.755"/>
</kw>
<kw name="Expand Alarm Settings" library="UserActions">
<kw name="Log To Console" library="BuiltIn">
<arg>Expanding Alarms</arg>
<doc>Logs the given message to the console.</doc>
<status status="PASS" starttime="20220323 00:49:37.756" endtime="20220323 00:49:37.756"/>
</kw>
<kw name="Click Element" library="AppiumLibrary">
<arg>${open_alarm_setting_icon}</arg>
<doc>Click element identified by `locator`.</doc>
<msg timestamp="20220323 00:49:37.758" level="INFO">Clicking element '//*[@resource-id='com.google.android.deskclock:id/alarm_recycler_view']/android.view.ViewGroup/android.widget.ImageButton[@content-desc='Expand alarm']'.</msg>
<status status="PASS" starttime="20220323 00:49:37.756" endtime="20220323 00:49:37.842"/>
</kw>
<status status="PASS" starttime="20220323 00:49:37.755" endtime="20220323 00:49:37.842"/>
</kw>
<kw name="Delete alarm" library="UserActions">
<kw name="Log To Console" library="BuiltIn">
<arg>Deleting Alarm</arg>
<doc>Logs the given message to the console.</doc>
<status status="PASS" starttime="20220323 00:49:37.842" endtime="20220323 00:49:37.843"/>
</kw>
<kw name="Wait Until Element Is Visible" library="AppiumLibrary">
<arg>${delete_app_icon}</arg>
<doc>Waits until element specified with `locator` is visible.</doc>
<status status="PASS" starttime="20220323 00:49:37.843" endtime="20220323 00:49:38.884"/>
</kw>
<kw name="Click Element" library="AppiumLibrary">
<arg>${delete_app_icon}</arg>
<doc>Click element identified by `locator`.</doc>
<msg timestamp="20220323 00:49:38.886" level="INFO">Clicking element 'com.google.android.deskclock:id/delete'.</msg>
<status status="PASS" starttime="20220323 00:49:38.884" endtime="20220323 00:49:39.994"/>
</kw>
<status status="PASS" starttime="20220323 00:49:37.842" endtime="20220323 00:49:39.994"/>
</kw>
<status status="PASS" starttime="20220323 00:49:37.755" endtime="20220323 00:49:39.994"/>
</iter>
<iter>
<var name="${i}">1</var>
<kw name="Exit For Loop If" library="BuiltIn">
<arg>${i} == ${count}</arg>
<doc>Stops executing the enclosing for loop if the ``condition`` is true.</doc>
<status status="PASS" starttime="20220323 00:49:39.994" endtime="20220323 00:49:39.994"/>
</kw>
<kw name="Expand Alarm Settings" library="UserActions">
<kw name="Log To Console" library="BuiltIn">
<arg>Expanding Alarms</arg>
<doc>Logs the given message to the console.</doc>
<status status="PASS" starttime="20220323 00:49:39.995" endtime="20220323 00:49:39.995"/>
</kw>
<kw name="Click Element" library="AppiumLibrary">
<arg>${open_alarm_setting_icon}</arg>
<doc>Click element identified by `locator`.</doc>
<msg timestamp="20220323 00:49:39.997" level="INFO">Clicking element '//*[@resource-id='com.google.android.deskclock:id/alarm_recycler_view']/android.view.ViewGroup/android.widget.ImageButton[@content-desc='Expand alarm']'.</msg>
<status status="PASS" starttime="20220323 00:49:39.995" endtime="20220323 00:49:40.091"/>
</kw>
<status status="PASS" starttime="20220323 00:49:39.995" endtime="20220323 00:49:40.092"/>
</kw>
<kw name="Delete alarm" library="UserActions">
<kw name="Log To Console" library="BuiltIn">
<arg>Deleting Alarm</arg>
<doc>Logs the given message to the console.</doc>
<status status="PASS" starttime="20220323 00:49:40.092" endtime="20220323 00:49:40.092"/>
</kw>
<kw name="Wait Until Element Is Visible" library="AppiumLibrary">
<arg>${delete_app_icon}</arg>
<doc>Waits until element specified with `locator` is visible.</doc>
<status status="PASS" starttime="20220323 00:49:40.092" endtime="20220323 00:49:41.071"/>
</kw>
<kw name="Click Element" library="AppiumLibrary">
<arg>${delete_app_icon}</arg>
<doc>Click element identified by `locator`.</doc>
<msg timestamp="20220323 00:49:41.074" level="INFO">Clicking element 'com.google.android.deskclock:id/delete'.</msg>
<status status="PASS" starttime="20220323 00:49:41.072" endtime="20220323 00:49:41.139"/>
</kw>
<status status="PASS" starttime="20220323 00:49:40.092" endtime="20220323 00:49:41.139"/>
</kw>
<status status="PASS" starttime="20220323 00:49:39.994" endtime="20220323 00:49:41.139"/>
</iter>
<status status="PASS" starttime="20220323 00:49:37.754" endtime="20220323 00:49:41.139"/>
</for>
<status status="PASS" starttime="20220323 00:49:37.711" endtime="20220323 00:49:41.139"/>
</kw>
<status status="PASS" starttime="20220323 00:49:37.711" endtime="20220323 00:49:41.139"/>
</kw>
<status status="PASS" starttime="20220323 00:49:36.610" endtime="20220323 00:49:41.139"/>
</kw>
<status status="PASS" starttime="20220323 00:49:35.519" endtime="20220323 00:49:41.139"/>
</kw>
<kw name="Add New Alarm At 7:00 AM, Add &quot;Wake Up&quot; As Label, And Disable Vibrate" library="android_keywords">
<kw name="Add New Alarm" library="UserActions">
<kw name="Log To Console" library="BuiltIn">
<arg>Adding New Alarm</arg>
<doc>Logs the given message to the console.</doc>
<status status="PASS" starttime="20220323 00:49:41.140" endtime="20220323 00:49:41.140"/>
</kw>
<kw name="Wait Until Element Is Visible" library="AppiumLibrary">
<arg>${add_alarm_button}</arg>
<doc>Waits until element specified with `locator` is visible.</doc>
<status status="PASS" starttime="20220323 00:49:41.140" endtime="20220323 00:49:42.261"/>
</kw>
<kw name="Click Element" library="AppiumLibrary">
<arg>${add_alarm_button}</arg>
<doc>Click element identified by `locator`.</doc>
<msg timestamp="20220323 00:49:42.263" level="INFO">Clicking element 'com.google.android.deskclock:id/fab'.</msg>
<status status="PASS" starttime="20220323 00:49:42.261" endtime="20220323 00:49:42.337"/>
</kw>
<status status="PASS" starttime="20220323 00:49:41.140" endtime="20220323 00:49:42.337"/>
</kw>
<kw name="Set Alarm" library="UserActions">
<arg>7</arg>
<arg>00</arg>
<arg>am</arg>
<kw name="Log To Console" library="BuiltIn">
<arg>Setting New Alarm</arg>
<doc>Logs the given message to the console.</doc>
<status status="PASS" starttime="20220323 00:49:42.338" endtime="20220323 00:49:42.338"/>
</kw>
<kw name="Wait Until Element Is Visible" library="AppiumLibrary">
<arg>${clock_image}</arg>
<doc>Waits until element specified with `locator` is visible.</doc>
<status status="PASS" starttime="20220323 00:49:42.338" endtime="20220323 00:49:43.014"/>
</kw>
<kw name="Click Element" library="AppiumLibrary">
<arg>${hour_hand}${hour}]</arg>
<doc>Click element identified by `locator`.</doc>
<msg timestamp="20220323 00:49:43.017" level="INFO">Clicking element '//android.widget.RadialTimePickerView.RadialPickerTouchHelper[@content-desc=7]'.</msg>
<status status="PASS" starttime="20220323 00:49:43.014" endtime="20220323 00:49:43.103"/>
</kw>
<kw name="Wait Until Element Is Visible" library="AppiumLibrary">
<arg>${clock_image}</arg>
<doc>Waits until element specified with `locator` is visible.</doc>
<status status="PASS" starttime="20220323 00:49:43.103" endtime="20220323 00:49:43.611"/>
</kw>
<kw name="Click Element" library="AppiumLibrary">
<arg>${minute_hand}${minute}]</arg>
<doc>Click element identified by `locator`.</doc>
<msg timestamp="20220323 00:49:43.613" level="INFO">Clicking element '//android.widget.RadialTimePickerView.RadialPickerTouchHelper[@content-desc=00]'.</msg>
<status status="PASS" starttime="20220323 00:49:43.611" endtime="20220323 00:49:43.688"/>
</kw>
<kw name="Click Element" library="AppiumLibrary">
<arg>${am_label}${AM/PM}_label</arg>
<doc>Click element identified by `locator`.</doc>
<msg timestamp="20220323 00:49:43.691" level="INFO">Clicking element 'android:id/am_label'.</msg>
<status status="PASS" starttime="20220323 00:49:43.689" endtime="20220323 00:49:44.288"/>
</kw>
<kw name="Click Element" library="AppiumLibrary">
<arg>${confirm_time}</arg>
<doc>Click element identified by `locator`.</doc>
<msg timestamp="20220323 00:49:44.292" level="INFO">Clicking element 'android:id/button1'.</msg>
<status status="PASS" starttime="20220323 00:49:44.288" endtime="20220323 00:49:44.821"/>
</kw>
<status status="PASS" starttime="20220323 00:49:42.337" endtime="20220323 00:49:44.822"/>
</kw>
<kw name="Disable Vibrate Checkbox" library="UserActions">
<kw name="Log To Console" library="BuiltIn">
<arg>Disabling checkbox</arg>
<doc>Logs the given message to the console.</doc>
<status status="PASS" starttime="20220323 00:49:44.822" endtime="20220323 00:49:44.822"/>
</kw>
<kw name="Wait Until Element Is Visible" library="AppiumLibrary">
<arg>${vibrate_on_off}</arg>
<doc>Waits until element specified with `locator` is visible.</doc>
<status status="PASS" starttime="20220323 00:49:44.822" endtime="20220323 00:49:45.764"/>
</kw>
<kw name="Click Element" library="AppiumLibrary">
<arg>${vibrate_on_off}</arg>
<doc>Click element identified by `locator`.</doc>
<msg timestamp="20220323 00:49:45.767" level="INFO">Clicking element 'com.google.android.deskclock:id/vibrate_onoff'.</msg>
<status status="PASS" starttime="20220323 00:49:45.765" endtime="20220323 00:49:45.821"/>
</kw>
<status status="PASS" starttime="20220323 00:49:44.822" endtime="20220323 00:49:45.822"/>
</kw>
<kw name="Add Label" library="UserActions">
<arg>Wake Up</arg>
<kw name="Log To Console" library="BuiltIn">
<arg>Setting label</arg>
<doc>Logs the given message to the console.</doc>
<status status="PASS" starttime="20220323 00:49:45.822" endtime="20220323 00:49:45.822"/>
</kw>
<kw name="Wait Until Element Is Visible" library="AppiumLibrary">
<arg>${label_textview}</arg>
<doc>Waits until element specified with `locator` is visible.</doc>
<status status="PASS" starttime="20220323 00:49:45.822" endtime="20220323 00:49:46.757"/>
</kw>
<kw name="Click Element" library="AppiumLibrary">
<arg>${label_textview}</arg>
<doc>Click element identified by `locator`.</doc>
<msg timestamp="20220323 00:49:46.760" level="INFO">Clicking element 'com.google.android.deskclock:id/edit_label'.</msg>
<status status="PASS" starttime="20220323 00:49:46.757" endtime="20220323 00:49:46.841"/>
</kw>
<kw name="Wait Until Element Is Visible" library="AppiumLibrary">
<arg>${label_input_field}</arg>
<doc>Waits until element specified with `locator` is visible.</doc>
<status status="PASS" starttime="20220323 00:49:46.842" endtime="20220323 00:49:47.803"/>
</kw>
<kw name="Input Text" library="AppiumLibrary">
<arg>${label_input_field}</arg>
<arg>${text}</arg>
<doc>Types the given `text` into text field identified by `locator`.</doc>
<msg timestamp="20220323 00:49:47.806" level="INFO">Typing text 'Wake Up' into text field 'com.google.android.deskclock:id/label_input_field'</msg>
<status status="PASS" starttime="20220323 00:49:47.804" endtime="20220323 00:49:48.479"/>
</kw>
<kw name="Click Element" library="AppiumLibrary">
<arg>${text_label_ok}</arg>
<doc>Click element identified by `locator`.</doc>
<msg timestamp="20220323 00:49:48.481" level="INFO">Clicking element 'android:id/button1'.</msg>
<status status="PASS" starttime="20220323 00:49:48.479" endtime="20220323 00:49:49.241"/>
</kw>
<status status="PASS" starttime="20220323 00:49:45.822" endtime="20220323 00:49:49.241"/>
</kw>
<kw name="Collapse Alarm" library="UserActions">
<kw name="Log To Console" library="BuiltIn">
<arg>Collapsing alarm</arg>
<doc>Logs the given message to the console.</doc>
<status status="PASS" starttime="20220323 00:49:49.241" endtime="20220323 00:49:49.242"/>
</kw>
<kw name="Wait Until Element Is Visible" library="AppiumLibrary">
<arg>${collapse_alarm_icon}</arg>
<doc>Waits until element specified with `locator` is visible.</doc>
<status status="PASS" starttime="20220323 00:49:49.242" endtime="20220323 00:49:50.207"/>
</kw>
<kw name="Click Element" library="AppiumLibrary">
<arg>${collapse_alarm_icon}</arg>
<doc>Click element identified by `locator`.</doc>
<msg timestamp="20220323 00:49:50.210" level="INFO">Clicking element '//android.widget.ImageButton[@content-desc="Collapse alarm"]'.</msg>
<status status="PASS" starttime="20220323 00:49:50.207" endtime="20220323 00:49:50.287"/>
</kw>
<status status="PASS" starttime="20220323 00:49:49.241" endtime="20220323 00:49:50.287"/>
</kw>
<status status="PASS" starttime="20220323 00:49:41.139" endtime="20220323 00:49:50.287"/>
</kw>
<kw name="Add New Alarm At 10:00 AM, Add &quot;Cook Lunch&quot; As Label, Enable Vibrate" library="android_keywords">
<kw name="Add New Alarm" library="UserActions">
<kw name="Log To Console" library="BuiltIn">
<arg>Adding New Alarm</arg>
<doc>Logs the given message to the console.</doc>
<status status="PASS" starttime="20220323 00:49:50.288" endtime="20220323 00:49:50.288"/>
</kw>
<kw name="Wait Until Element Is Visible" library="AppiumLibrary">
<arg>${add_alarm_button}</arg>
<doc>Waits until element specified with `locator` is visible.</doc>
<status status="PASS" starttime="20220323 00:49:50.288" endtime="20220323 00:49:51.169"/>
</kw>
<kw name="Click Element" library="AppiumLibrary">
<arg>${add_alarm_button}</arg>
<doc>Click element identified by `locator`.</doc>
<msg timestamp="20220323 00:49:51.171" level="INFO">Clicking element 'com.google.android.deskclock:id/fab'.</msg>
<status status="PASS" starttime="20220323 00:49:51.169" endtime="20220323 00:49:51.255"/>
</kw>
<status status="PASS" starttime="20220323 00:49:50.288" endtime="20220323 00:49:51.256"/>
</kw>
<kw name="Set Alarm" library="UserActions">
<arg>10</arg>
<arg>00</arg>
<arg>am</arg>
<kw name="Log To Console" library="BuiltIn">
<arg>Setting New Alarm</arg>
<doc>Logs the given message to the console.</doc>
<status status="PASS" starttime="20220323 00:49:51.256" endtime="20220323 00:49:51.256"/>
</kw>
<kw name="Wait Until Element Is Visible" library="AppiumLibrary">
<arg>${clock_image}</arg>
<doc>Waits until element specified with `locator` is visible.</doc>
<status status="PASS" starttime="20220323 00:49:51.256" endtime="20220323 00:49:51.960"/>
</kw>
<kw name="Click Element" library="AppiumLibrary">
<arg>${hour_hand}${hour}]</arg>
<doc>Click element identified by `locator`.</doc>
<msg timestamp="20220323 00:49:51.962" level="INFO">Clicking element '//android.widget.RadialTimePickerView.RadialPickerTouchHelper[@content-desc=10]'.</msg>
<status status="PASS" starttime="20220323 00:49:51.960" endtime="20220323 00:49:52.037"/>
</kw>
<kw name="Wait Until Element Is Visible" library="AppiumLibrary">
<arg>${clock_image}</arg>
<doc>Waits until element specified with `locator` is visible.</doc>
<status status="PASS" starttime="20220323 00:49:52.037" endtime="20220323 00:49:52.561"/>
</kw>
<kw name="Click Element" library="AppiumLibrary">
<arg>${minute_hand}${minute}]</arg>
<doc>Click element identified by `locator`.</doc>
<msg timestamp="20220323 00:49:52.563" level="INFO">Clicking element '//android.widget.RadialTimePickerView.RadialPickerTouchHelper[@content-desc=00]'.</msg>
<status status="PASS" starttime="20220323 00:49:52.561" endtime="20220323 00:49:52.620"/>
</kw>
<kw name="Click Element" library="AppiumLibrary">
<arg>${am_label}${AM/PM}_label</arg>
<doc>Click element identified by `locator`.</doc>
<msg timestamp="20220323 00:49:52.622" level="INFO">Clicking element 'android:id/am_label'.</msg>
<status status="PASS" starttime="20220323 00:49:52.620" endtime="20220323 00:49:53.209"/>
</kw>
<kw name="Click Element" library="AppiumLibrary">
<arg>${confirm_time}</arg>
<doc>Click element identified by `locator`.</doc>
<msg timestamp="20220323 00:49:53.211" level="INFO">Clicking element 'android:id/button1'.</msg>
<status status="PASS" starttime="20220323 00:49:53.209" endtime="20220323 00:49:53.754"/>
</kw>
<status status="PASS" starttime="20220323 00:49:51.256" endtime="20220323 00:49:53.755"/>
</kw>
<kw name="Add Label" library="UserActions">
<arg>Cook Lunch</arg>
<kw name="Log To Console" library="BuiltIn">
<arg>Setting label</arg>
<doc>Logs the given message to the console.</doc>
<status status="PASS" starttime="20220323 00:49:53.755" endtime="20220323 00:49:53.755"/>
</kw>
<kw name="Wait Until Element Is Visible" library="AppiumLibrary">
<arg>${label_textview}</arg>
<doc>Waits until element specified with `locator` is visible.</doc>
<status status="PASS" starttime="20220323 00:49:53.755" endtime="20220323 00:49:54.644"/>
</kw>
<kw name="Click Element" library="AppiumLibrary">
<arg>${label_textview}</arg>
<doc>Click element identified by `locator`.</doc>
<msg timestamp="20220323 00:49:54.647" level="INFO">Clicking element 'com.google.android.deskclock:id/edit_label'.</msg>
<status status="PASS" starttime="20220323 00:49:54.645" endtime="20220323 00:49:54.740"/>
</kw>
<kw name="Wait Until Element Is Visible" library="AppiumLibrary">
<arg>${label_input_field}</arg>
<doc>Waits until element specified with `locator` is visible.</doc>
<status status="PASS" starttime="20220323 00:49:54.740" endtime="20220323 00:49:55.688"/>
</kw>
<kw name="Input Text" library="AppiumLibrary">
<arg>${label_input_field}</arg>
<arg>${text}</arg>
<doc>Types the given `text` into text field identified by `locator`.</doc>
<msg timestamp="20220323 00:49:55.690" level="INFO">Typing text 'Cook Lunch' into text field 'com.google.android.deskclock:id/label_input_field'</msg>
<status status="PASS" starttime="20220323 00:49:55.688" endtime="20220323 00:49:56.478"/>
</kw>
<kw name="Click Element" library="AppiumLibrary">
<arg>${text_label_ok}</arg>
<doc>Click element identified by `locator`.</doc>
<msg timestamp="20220323 00:49:56.481" level="INFO">Clicking element 'android:id/button1'.</msg>
<status status="PASS" starttime="20220323 00:49:56.478" endtime="20220323 00:49:57.307"/>
</kw>
<status status="PASS" starttime="20220323 00:49:53.755" endtime="20220323 00:49:57.307"/>
</kw>
<kw name="Collapse Alarm" library="UserActions">
<kw name="Log To Console" library="BuiltIn">
<arg>Collapsing alarm</arg>
<doc>Logs the given message to the console.</doc>
<status status="PASS" starttime="20220323 00:49:57.307" endtime="20220323 00:49:57.307"/>
</kw>
<kw name="Wait Until Element Is Visible" library="AppiumLibrary">
<arg>${collapse_alarm_icon}</arg>
<doc>Waits until element specified with `locator` is visible.</doc>
<status status="PASS" starttime="20220323 00:49:57.307" endtime="20220323 00:49:58.010"/>
</kw>
<kw name="Click Element" library="AppiumLibrary">
<arg>${collapse_alarm_icon}</arg>
<doc>Click element identified by `locator`.</doc>
<msg timestamp="20220323 00:49:58.012" level="INFO">Clicking element '//android.widget.ImageButton[@content-desc="Collapse alarm"]'.</msg>
<status status="PASS" starttime="20220323 00:49:58.010" endtime="20220323 00:49:58.103"/>
</kw>
<status status="PASS" starttime="20220323 00:49:57.307" endtime="20220323 00:49:58.103"/>
</kw>
<status status="PASS" starttime="20220323 00:49:50.287" endtime="20220323 00:49:58.103"/>
</kw>
<kw name="Count Total Alarms and take Screenshot" library="android_keywords">
<kw name="Alarm Count" library="UserActions">
<var>${count}</var>
<kw name="Run Keyword And Return" library="BuiltIn">
<arg>Get matching xpath count</arg>
<arg>${expand_alarm_icon}</arg>
<doc>Runs the specified keyword and returns from the enclosing user keyword.</doc>
<kw name="Get Matching Xpath Count" library="AppiumLibrary">
<arg>${expand_alarm_icon}</arg>
<doc>Returns number of elements matching ``xpath``</doc>
<status status="PASS" starttime="20220323 00:49:58.104" endtime="20220323 00:49:58.176"/>
</kw>
<msg timestamp="20220323 00:49:58.176" level="INFO">Returning from the enclosing user keyword.</msg>
<status status="PASS" starttime="20220323 00:49:58.104" endtime="20220323 00:49:58.177"/>
</kw>
<msg timestamp="20220323 00:49:58.177" level="INFO">${count} = 2</msg>
<status status="PASS" starttime="20220323 00:49:58.103" endtime="20220323 00:49:58.177"/>
</kw>
<kw name="Capture Page Screenshot" library="AppiumLibrary">
<doc>Takes a screenshot of the current page and embeds it into the log.</doc>
<msg timestamp="20220323 00:49:58.489" level="INFO" html="true">&lt;/td&gt;&lt;/tr&gt;&lt;tr&gt;&lt;td colspan="3"&gt;&lt;a href="appium-screenshot-2.png"&gt;&lt;img src="appium-screenshot-2.png" width="800px"&gt;&lt;/a&gt;</msg>
<status status="PASS" starttime="20220323 00:49:58.177" endtime="20220323 00:49:58.489"/>
</kw>
<kw name="Press Keycode" library="AppiumLibrary">
<arg>3</arg>
<doc>Sends a press of keycode to the device.</doc>
<status status="PASS" starttime="20220323 00:49:58.490" endtime="20220323 00:49:59.007"/>
</kw>
<status status="PASS" starttime="20220323 00:49:58.103" endtime="20220323 00:49:59.007"/>
</kw>
<kw name="Close Application" library="AppiumLibrary" type="TEARDOWN">
<doc>Closes the current application and also close webdriver session.</doc>
<status status="PASS" starttime="20220323 00:49:59.008" endtime="20220323 00:49:59.636"/>
</kw>
<tag>Add_Alarm</tag>
<status status="PASS" starttime="20220323 00:49:27.295" endtime="20220323 00:49:59.636"/>
</test>
<doc>Suite description</doc>
<status status="PASS" starttime="20220323 00:48:48.319" endtime="20220323 00:49:59.637"/>
</suite>
<statistics>
<total>
<stat pass="3" fail="0" skip="0">All Tests</stat>
</total>
<tag>
<stat pass="1" fail="0" skip="0">Add_Alarm</stat>
<stat pass="1" fail="0" skip="0">Add_Contact</stat>
<stat pass="1" fail="0" skip="0">Wp_Settings</stat>
</tag>
<suite>
<stat pass="3" fail="0" skip="0" id="s1" name="VirtaGlobal_Tests">VirtaGlobal_Tests</stat>
</suite>
</statistics>
<errors>
</errors>
</robot>
